index:0;amount:42;created
index:42;amount:54;created
index:96;amount:957;created
index:1053;amount:432;created
index:1485;amount:1234;created
index:2719;amount:0;created
index:2719;amount:754;created
index:3473;amount:16576;created
accounts:8;total:20049;deposits:0;withdrawals:0
index:0;amount:42;deposits:0;withdrawals:0
index:1;amount:54;deposits:0;withdrawals:0
index:2;amount:957;deposits:0;withdrawals:0
index:3;amount:432;deposits:0;withdrawals:0
index:4;amount:1234;deposits:0;withdrawals:0
index:5;amount:0;deposits:0;withdrawals:0
index:6;amount:754;deposits:0;withdrawals:0
index:7;amount:16576;deposits:0;withdrawals:0
accounts:8;total:21524;deposits:0;withdrawals:0
index:0;amount:47;deposits:1;withdrawals:0
index:1;amount:819;deposits:1;withdrawals:0
index:2;amount:1521;deposits:1;withdrawals:0
index:3;amount:434;deposits:1;withdrawals:0
index:4;amount:1321;deposits:1;withdrawals:0
index:5;amount:23;deposits:1;withdrawals:0
index:6;amount:763;deposits:1;withdrawals:0
index:7;amount:16596;deposits:1;withdrawals:0
accounts:8;total:11846;deposits:0;withdrawals:0
index:0;amount:-274;deposits:1;withdrawals:1
index:1;amount:785;deposits:1;withdrawals:1
index:2;amount:864;deposits:1;withdrawals:1
index:3;amount:430;deposits:1;withdrawals:1
index:4;amount:1245;deposits:1;withdrawals:1
index:5;amount:-252;deposits:1;withdrawals:1
index:6;amount:106;deposits:1;withdrawals:1
index:7;amount:8942;deposits:1;withdrawals:1
index:8;amount:-274;closed
index:7;amount:785;closed
index:6;amount:864;closed
index:5;amount:430;closed
index:4;amount:1245;closed
index:3;amount:-252;closed
index:2;amount:106;closed
index:1;amount:8942;closed
